This file contains any messages produced by compilers while
running configure, to aid debugging if configure makes a mistake.

It was created by gdsl configure 1.4, which was
generated by GNU Autoconf 2.69.  Invocation command line was

  $ ./configure --no-create --no-recursion

## --------- ##
## Platform. ##
## --------- ##

hostname = Skat
uname -m = x86_64
uname -r = 4.4.0-109-generic
uname -s = Linux
uname -v = #132-Ubuntu SMP Tue Jan 9 19:52:39 UTC 2018

/usr/bin/uname -p = unknown
/bin/uname -X     = unknown

/bin/arch              = unknown
/usr/bin/arch -k       = unknown
/usr/convex/getsysinfo = unknown
/usr/bin/hostinfo      = unknown
/bin/machine           = unknown
/usr/bin/oslevel       = unknown
/bin/universe          = unknown

PATH: /home/plg/bin
PATH: /home/plg/.local/bin
PATH: /home/plg/anaconda3/bin
PATH: /home/plg/bin
PATH: /home/plg/.local/bin
PATH: /usr/local/sbin
PATH: /usr/local/bin
PATH: /usr/sbin
PATH: /usr/bin
PATH: /sbin
PATH: /bin
PATH: /usr/games
PATH: /usr/local/games
PATH: /snap/bin
PATH: /snap/bin


## ----------- ##
## Core tests. ##
## ----------- ##

configure:2662: checking for a BSD-compatible install
configure:2730: result: /usr/bin/install -c
configure:2741: checking whether build environment is sane
configure:2778: result: yes
configure:2832: checking for gawk
configure:2848: found /usr/bin/gawk
configure:2859: result: gawk
configure:2870: checking whether make sets $(MAKE)
configure:2892: result: yes
configure:3073: checking build system type
configure:3087: result: x86_64-unknown-linux-gnu
configure:3107: checking host system type
configure:3120: result: x86_64-unknown-linux-gnu
configure:3197: checking for gcc
configure:3213: found /usr/bin/gcc
configure:3224: result: gcc
configure:3453: checking for C compiler version
configure:3462: gcc --version >&5
gcc (Ubuntu 5.4.0-6ubuntu1~16.04.4) 5.4.0 20160609
Copyright (C) 2015 Free Software Foundation, Inc.
This is free software; see the source for copying conditions.  There is NO
warranty; not even for MERCHANTABILITY or FITNESS FOR A PARTICULAR PURPOSE.

configure:3473: $? = 0
configure:3462: gcc -v >&5
Using built-in specs.
COLLECT_GCC=gcc
COLLECT_LTO_WRAPPER=/usr/lib/gcc/x86_64-linux-gnu/5/lto-wrapper
Target: x86_64-linux-gnu
Configured with: ../src/configure -v --with-pkgversion='Ubuntu 5.4.0-6ubuntu1~16.04.4' --with-bugurl=file:///usr/share/doc/gcc-5/README.Bugs --enable-languages=c,ada,c++,java,go,d,fortran,objc,obj-c++ --prefix=/usr --program-suffix=-5 --enable-shared --enable-linker-build-id --libexecdir=/usr/lib --without-included-gettext --enable-threads=posix --libdir=/usr/lib --enable-nls --with-sysroot=/ --enable-clocale=gnu --enable-libstdcxx-debug --enable-libstdcxx-time=yes --with-default-libstdcxx-abi=new --enable-gnu-unique-object --disable-vtable-verify --enable-libmpx --enable-plugin --with-system-zlib --disable-browser-plugin --enable-java-awt=gtk --enable-gtk-cairo --with-java-home=/usr/lib/jvm/java-1.5.0-gcj-5-amd64/jre --enable-java-home --with-jvm-root-dir=/usr/lib/jvm/java-1.5.0-gcj-5-amd64 --with-jvm-jar-dir=/usr/lib/jvm-exports/java-1.5.0-gcj-5-amd64 --with-arch-directory=amd64 --with-ecj-jar=/usr/share/java/eclipse-ecj.jar --enable-objc-gc --enable-multiarch --disable-werror --with-arch-32=i686 --with-abi=m64 --with-multilib-list=m32,m64,mx32 --enable-multilib --with-tune=generic --enable-checking=release --build=x86_64-linux-gnu --host=x86_64-linux-gnu --target=x86_64-linux-gnu
Thread model: posix
gcc version 5.4.0 20160609 (Ubuntu 5.4.0-6ubuntu1~16.04.4) 
configure:3473: $? = 0
configure:3462: gcc -V >&5
gcc: error: unrecognized command line option '-V'
gcc: fatal error: no input files
compilation terminated.
configure:3473: $? = 1
configure:3462: gcc -qversion >&5
gcc: error: unrecognized command line option '-qversion'
gcc: fatal error: no input files
compilation terminated.
configure:3473: $? = 1
configure:3493: checking whether the C compiler works
configure:3515: gcc    conftest.c  >&5
configure:3519: $? = 0
configure:3567: result: yes
configure:3570: checking for C compiler default output file name
configure:3572: result: a.out
configure:3578: checking for suffix of executables
configure:3585: gcc -o conftest    conftest.c  >&5
configure:3589: $? = 0
configure:3611: result: 
configure:3633: checking whether we are cross compiling
configure:3641: gcc -o conftest    conftest.c  >&5
configure:3645: $? = 0
configure:3652: ./conftest
configure:3656: $? = 0
configure:3671: result: no
configure:3676: checking for suffix of object files
configure:3698: gcc -c   conftest.c >&5
configure:3702: $? = 0
configure:3723: result: o
configure:3727: checking whether we are using the GNU C compiler
configure:3746: gcc -c   conftest.c >&5
configure:3746: $? = 0
configure:3755: result: yes
configure:3764: checking whether gcc accepts -g
configure:3784: gcc -c -g  conftest.c >&5
configure:3784: $? = 0
configure:3825: result: yes
configure:3842: checking for gcc option to accept ISO C89
configure:3905: gcc  -c -g -O2  conftest.c >&5
configure:3905: $? = 0
configure:3918: result: none needed
configure:3949: checking for style of include used by make
configure:3977: result: GNU
configure:4005: checking dependency style of gcc
configure:4095: result: gcc3
configure:4116: checking for gawk
configure:4143: result: gawk
configure:4159: checking how to run the C preprocessor
configure:4190: gcc -E  conftest.c
configure:4190: $? = 0
configure:4204: gcc -E  conftest.c
conftest.c:11:28: fatal error: ac_nonexistent.h: No such file or directory
compilation terminated.
configure:4204: $? = 1
configure: failed program was:
| /* confdefs.h */
| #define PACKAGE_NAME "gdsl"
| #define PACKAGE_TARNAME "gdsl"
| #define PACKAGE_VERSION "1.4"
| #define PACKAGE_STRING "gdsl 1.4"
| #define PACKAGE_BUGREPORT "ndarnis@free.fr"
| #define PACKAGE_URL ""
| #define PACKAGE "gdsl"
| #define VERSION "1.4"
| /* end confdefs.h.  */
| #include <ac_nonexistent.h>
configure:4229: result: gcc -E
configure:4249: gcc -E  conftest.c
configure:4249: $? = 0
configure:4263: gcc -E  conftest.c
conftest.c:11:28: fatal error: ac_nonexistent.h: No such file or directory
compilation terminated.
configure:4263: $? = 1
configure: failed program was:
| /* confdefs.h */
| #define PACKAGE_NAME "gdsl"
| #define PACKAGE_TARNAME "gdsl"
| #define PACKAGE_VERSION "1.4"
| #define PACKAGE_STRING "gdsl 1.4"
| #define PACKAGE_BUGREPORT "ndarnis@free.fr"
| #define PACKAGE_URL ""
| #define PACKAGE "gdsl"
| #define VERSION "1.4"
| /* end confdefs.h.  */
| #include <ac_nonexistent.h>
configure:4292: checking whether ln -s works
configure:4296: result: yes
configure:4303: checking whether make sets $(MAKE)
configure:4325: result: yes
configure:4377: checking for ranlib
configure:4393: found /usr/bin/ranlib
configure:4404: result: ranlib
configure:4498: checking for a sed that does not truncate output
configure:4552: result: /bin/sed
configure:4555: checking for grep that handles long lines and -e
configure:4613: result: /bin/grep
configure:4618: checking for egrep
configure:4680: result: /bin/grep -E
configure:4696: checking for ld used by gcc
configure:4763: result: /usr/bin/ld
configure:4770: checking if the linker (/usr/bin/ld) is GNU ld
configure:4785: result: yes
configure:4790: checking for /usr/bin/ld option to reload object files
configure:4797: result: -r
configure:4815: checking for BSD-compatible nm
configure:4864: result: /usr/bin/nm -B
configure:4868: checking how to recognise dependent libraries
configure:5044: result: pass_all
configure:5132: gcc -c -g -O2  conftest.c >&5
configure:5135: $? = 0
configure:5249: checking for ANSI C header files
configure:5269: gcc -c -g -O2  conftest.c >&5
configure:5269: $? = 0
configure:5342: gcc -o conftest -g -O2   conftest.c  >&5
configure:5342: $? = 0
configure:5342: ./conftest
configure:5342: $? = 0
configure:5353: result: yes
configure:5366: checking for sys/types.h
configure:5366: gcc -c -g -O2  conftest.c >&5
configure:5366: $? = 0
configure:5366: result: yes
configure:5366: checking for sys/stat.h
configure:5366: gcc -c -g -O2  conftest.c >&5
configure:5366: $? = 0
configure:5366: result: yes
configure:5366: checking for stdlib.h
configure:5366: gcc -c -g -O2  conftest.c >&5
configure:5366: $? = 0
configure:5366: result: yes
configure:5366: checking for string.h
configure:5366: gcc -c -g -O2  conftest.c >&5
configure:5366: $? = 0
configure:5366: result: yes
configure:5366: checking for memory.h
configure:5366: gcc -c -g -O2  conftest.c >&5
configure:5366: $? = 0
configure:5366: result: yes
configure:5366: checking for strings.h
configure:5366: gcc -c -g -O2  conftest.c >&5
configure:5366: $? = 0
configure:5366: result: yes
configure:5366: checking for inttypes.h
configure:5366: gcc -c -g -O2  conftest.c >&5
configure:5366: $? = 0
configure:5366: result: yes
configure:5366: checking for stdint.h
configure:5366: gcc -c -g -O2  conftest.c >&5
configure:5366: $? = 0
configure:5366: result: yes
configure:5366: checking for unistd.h
configure:5366: gcc -c -g -O2  conftest.c >&5
configure:5366: $? = 0
configure:5366: result: yes
configure:5380: checking dlfcn.h usability
configure:5380: gcc -c -g -O2  conftest.c >&5
configure:5380: $? = 0
configure:5380: result: yes
configure:5380: checking dlfcn.h presence
configure:5380: gcc -E  conftest.c
configure:5380: $? = 0
configure:5380: result: yes
configure:5380: checking for dlfcn.h
configure:5380: result: yes
configure:5448: checking for g++
configure:5464: found /usr/bin/g++
configure:5475: result: g++
configure:5502: checking for C++ compiler version
configure:5511: g++ --version >&5
g++ (Ubuntu 5.4.0-6ubuntu1~16.04.4) 5.4.0 20160609
Copyright (C) 2015 Free Software Foundation, Inc.
This is free software; see the source for copying conditions.  There is NO
warranty; not even for MERCHANTABILITY or FITNESS FOR A PARTICULAR PURPOSE.

configure:5522: $? = 0
configure:5511: g++ -v >&5
Using built-in specs.
COLLECT_GCC=g++
COLLECT_LTO_WRAPPER=/usr/lib/gcc/x86_64-linux-gnu/5/lto-wrapper
Target: x86_64-linux-gnu
Configured with: ../src/configure -v --with-pkgversion='Ubuntu 5.4.0-6ubuntu1~16.04.4' --with-bugurl=file:///usr/share/doc/gcc-5/README.Bugs --enable-languages=c,ada,c++,java,go,d,fortran,objc,obj-c++ --prefix=/usr --program-suffix=-5 --enable-shared --enable-linker-build-id --libexecdir=/usr/lib --without-included-gettext --enable-threads=posix --libdir=/usr/lib --enable-nls --with-sysroot=/ --enable-clocale=gnu --enable-libstdcxx-debug --enable-libstdcxx-time=yes --with-default-libstdcxx-abi=new --enable-gnu-unique-object --disable-vtable-verify --enable-libmpx --enable-plugin --with-system-zlib --disable-browser-plugin --enable-java-awt=gtk --enable-gtk-cairo --with-java-home=/usr/lib/jvm/java-1.5.0-gcj-5-amd64/jre --enable-java-home --with-jvm-root-dir=/usr/lib/jvm/java-1.5.0-gcj-5-amd64 --with-jvm-jar-dir=/usr/lib/jvm-exports/java-1.5.0-gcj-5-amd64 --with-arch-directory=amd64 --with-ecj-jar=/usr/share/java/eclipse-ecj.jar --enable-objc-gc --enable-multiarch --disable-werror --with-arch-32=i686 --with-abi=m64 --with-multilib-list=m32,m64,mx32 --enable-multilib --with-tune=generic --enable-checking=release --build=x86_64-linux-gnu --host=x86_64-linux-gnu --target=x86_64-linux-gnu
Thread model: posix
gcc version 5.4.0 20160609 (Ubuntu 5.4.0-6ubuntu1~16.04.4) 
configure:5522: $? = 0
configure:5511: g++ -V >&5
g++: error: unrecognized command line option '-V'
g++: fatal error: no input files
compilation terminated.
configure:5522: $? = 1
configure:5511: g++ -qversion >&5
g++: error: unrecognized command line option '-qversion'
g++: fatal error: no input files
compilation terminated.
configure:5522: $? = 1
configure:5526: checking whether we are using the GNU C++ compiler
configure:5545: g++ -c   conftest.cpp >&5
configure:5545: $? = 0
configure:5554: result: yes
configure:5563: checking whether g++ accepts -g
configure:5583: g++ -c -g  conftest.cpp >&5
configure:5583: $? = 0
configure:5624: result: yes
configure:5649: checking dependency style of g++
configure:5739: result: gcc3
configure:5766: checking how to run the C++ preprocessor
configure:5793: g++ -E  conftest.cpp
configure:5793: $? = 0
configure:5807: g++ -E  conftest.cpp
conftest.cpp:22:28: fatal error: ac_nonexistent.h: No such file or directory
compilation terminated.
configure:5807: $? = 1
configure: failed program was:
| /* confdefs.h */
| #define PACKAGE_NAME "gdsl"
| #define PACKAGE_TARNAME "gdsl"
| #define PACKAGE_VERSION "1.4"
| #define PACKAGE_STRING "gdsl 1.4"
| #define PACKAGE_BUGREPORT "ndarnis@free.fr"
| #define PACKAGE_URL ""
| #define PACKAGE "gdsl"
| #define VERSION "1.4"
| #define STDC_HEADERS 1
| #define HAVE_SYS_TYPES_H 1
| #define HAVE_SYS_STAT_H 1
| #define HAVE_STDLIB_H 1
| #define HAVE_STRING_H 1
| #define HAVE_MEMORY_H 1
| #define HAVE_STRINGS_H 1
| #define HAVE_INTTYPES_H 1
| #define HAVE_STDINT_H 1
| #define HAVE_UNISTD_H 1
| #define HAVE_DLFCN_H 1
| /* end confdefs.h.  */
| #include <ac_nonexistent.h>
configure:5832: result: g++ -E
configure:5852: g++ -E  conftest.cpp
configure:5852: $? = 0
configure:5866: g++ -E  conftest.cpp
conftest.cpp:22:28: fatal error: ac_nonexistent.h: No such file or directory
compilation terminated.
configure:5866: $? = 1
configure: failed program was:
| /* confdefs.h */
| #define PACKAGE_NAME "gdsl"
| #define PACKAGE_TARNAME "gdsl"
| #define PACKAGE_VERSION "1.4"
| #define PACKAGE_STRING "gdsl 1.4"
| #define PACKAGE_BUGREPORT "ndarnis@free.fr"
| #define PACKAGE_URL ""
| #define PACKAGE "gdsl"
| #define VERSION "1.4"
| #define STDC_HEADERS 1
| #define HAVE_SYS_TYPES_H 1
| #define HAVE_SYS_STAT_H 1
| #define HAVE_STDLIB_H 1
| #define HAVE_STRING_H 1
| #define HAVE_MEMORY_H 1
| #define HAVE_STRINGS_H 1
| #define HAVE_INTTYPES_H 1
| #define HAVE_STDINT_H 1
| #define HAVE_UNISTD_H 1
| #define HAVE_DLFCN_H 1
| /* end confdefs.h.  */
| #include <ac_nonexistent.h>
configure:5950: checking for g77
configure:5980: result: no
configure:5950: checking for xlf
configure:5980: result: no
configure:5950: checking for f77
configure:5980: result: no
configure:5950: checking for frt
configure:5980: result: no
configure:5950: checking for pgf77
configure:5980: result: no
configure:5950: checking for cf77
configure:5980: result: no
configure:5950: checking for fort77
configure:5980: result: no
configure:5950: checking for fl32
configure:5980: result: no
configure:5950: checking for af77
configure:5980: result: no
configure:5950: checking for xlf90
configure:5980: result: no
configure:5950: checking for f90
configure:5980: result: no
configure:5950: checking for pgf90
configure:5980: result: no
configure:5950: checking for pghpf
configure:5980: result: no
configure:5950: checking for epcf90
configure:5980: result: no
configure:5950: checking for gfortran
configure:5980: result: no
configure:5950: checking for g95
configure:5980: result: no
configure:5950: checking for xlf95
configure:5980: result: no
configure:5950: checking for f95
configure:5980: result: no
configure:5950: checking for fort
configure:5980: result: no
configure:5950: checking for ifort
configure:5980: result: no
configure:5950: checking for ifc
configure:5980: result: no
configure:5950: checking for efc
configure:5980: result: no
configure:5950: checking for pgfortran
configure:5980: result: no
configure:5950: checking for pgf95
configure:5980: result: no
configure:5950: checking for lf95
configure:5980: result: no
configure:5950: checking for ftn
configure:5980: result: no
configure:5950: checking for nagfor
configure:5980: result: no
configure:6003: checking for Fortran 77 compiler version
configure:6012:  --version >&5
./configure: line 6014: --version: command not found
configure:6023: $? = 127
configure:6012:  -v >&5
./configure: line 6014: -v: command not found
configure:6023: $? = 127
configure:6012:  -V >&5
./configure: line 6014: -V: command not found
configure:6023: $? = 127
configure:6012:  -qversion >&5
./configure: line 6014: -qversion: command not found
configure:6023: $? = 127
configure:6032: checking whether we are using the GNU Fortran 77 compiler
configure:6045:  -c  conftest.F >&5
./configure: line 2142: -c: command not found
configure:6045: $? = 127
configure: failed program was:
|       program main
| #ifndef __GNUC__
|        choke me
| #endif
| 
|       end
configure:6054: result: no
configure:6060: checking whether  accepts -g
configure:6071:  -c -g conftest.f >&5
./configure: line 2142: -c: command not found
configure:6071: $? = 127
configure: failed program was:
|       program main
| 
|       end
configure:6079: result: no
configure:6113: checking the maximum length of command line arguments
configure:6222: result: 32768
configure:6233: checking command to parse /usr/bin/nm -B output from gcc object
configure:6338: gcc -c -g -O2  conftest.c >&5
configure:6341: $? = 0
configure:6345: /usr/bin/nm -B conftest.o \| sed -n -e 's/^.*[ 	]\([ABCDGIRSTW][ABCDGIRSTW]*\)[ 	][ 	]*\([_A-Za-z][_A-Za-z0-9]*\)$/\1 \2 \2/p' \> conftest.nm
configure:6348: $? = 0
configure:6400: gcc -o conftest -g -O2   conftest.c conftstm.o >&5
configure:6403: $? = 0
configure:6441: result: ok
configure:6445: checking for objdir
configure:6460: result: .libs
configure:6552: checking for ar
configure:6568: found /usr/bin/ar
configure:6579: result: ar
configure:6644: checking for ranlib
configure:6671: result: ranlib
configure:6736: checking for strip
configure:6752: found /usr/bin/strip
configure:6763: result: strip
configure:7045: checking if gcc supports -fno-rtti -fno-exceptions
configure:7063: gcc -c -g -O2  -fno-rtti -fno-exceptions conftest.c >&5
cc1: warning: command line option '-fno-rtti' is valid for C++/ObjC++ but not for C
configure:7067: $? = 0
configure:7080: result: no
configure:7095: checking for gcc option to produce PIC
configure:7305: result: -fPIC
configure:7313: checking if gcc PIC flag -fPIC works
configure:7331: gcc -c -g -O2  -fPIC -DPIC conftest.c >&5
configure:7335: $? = 0
configure:7348: result: yes
configure:7376: checking if gcc static flag -static works
configure:7404: result: yes
configure:7414: checking if gcc supports -c -o file.o
configure:7435: gcc -c -g -O2  -o out/conftest2.o conftest.c >&5
configure:7439: $? = 0
configure:7461: result: yes
configure:7487: checking whether the gcc linker (/usr/bin/ld -m elf_x86_64) supports shared libraries
configure:8397: result: yes
configure:8418: checking whether -lc should be explicitly linked in
configure:8423: gcc -c -g -O2  conftest.c >&5
configure:8426: $? = 0
configure:8441: gcc -shared conftest.o  -v -Wl,-soname -Wl,conftest -o conftest 2\>\&1 \| grep  -lc  \>/dev/null 2\>\&1
configure:8444: $? = 0
configure:8456: result: no
configure:8464: checking dynamic linker characteristics
configure:9064: result: GNU/Linux ld.so
configure:9073: checking how to hardcode library paths into programs
configure:9098: result: immediate
configure:9112: checking whether stripping libraries is possible
configure:9117: result: yes
configure:9633: checking if libtool supports shared libraries
configure:9635: result: yes
configure:9638: checking whether to build shared libraries
configure:9659: result: yes
configure:9662: checking whether to build static libraries
configure:9666: result: yes
configure:9758: creating libtool
configure:10342: checking for ld used by g++
configure:10409: result: /usr/bin/ld -m elf_x86_64
configure:10416: checking if the linker (/usr/bin/ld -m elf_x86_64) is GNU ld
configure:10431: result: yes
configure:10482: checking whether the g++ linker (/usr/bin/ld -m elf_x86_64) supports shared libraries
configure:11362: result: yes
configure:11380: g++ -c -g -O2  conftest.cpp >&5
configure:11383: $? = 0
configure:11502: checking for g++ option to produce PIC
configure:11776: result: -fPIC
configure:11784: checking if g++ PIC flag -fPIC works
configure:11802: g++ -c -g -O2  -fPIC -DPIC conftest.cpp >&5
configure:11806: $? = 0
configure:11819: result: yes
configure:11847: checking if g++ static flag -static works
configure:11875: result: yes
configure:11885: checking if g++ supports -c -o file.o
configure:11906: g++ -c -g -O2  -o out/conftest2.o conftest.cpp >&5
configure:11910: $? = 0
configure:11932: result: yes
configure:11958: checking whether the g++ linker (/usr/bin/ld -m elf_x86_64) supports shared libraries
configure:11989: result: yes
configure:12056: checking dynamic linker characteristics
configure:12656: result: GNU/Linux ld.so
configure:12665: checking how to hardcode library paths into programs
configure:12690: result: immediate
configure:18774: checking for ANSI C header files
configure:18878: result: yes
configure:18889: checking sys/time.h usability
configure:18889: gcc -c -g -O2  conftest.c >&5
configure:18889: $? = 0
configure:18889: result: yes
configure:18889: checking sys/time.h presence
configure:18889: gcc -E  conftest.c
configure:18889: $? = 0
configure:18889: result: yes
configure:18889: checking for sys/time.h
configure:18889: result: yes
configure:18889: checking for stdlib.h
configure:18889: result: yes
configure:18889: checking stdio.h usability
configure:18889: gcc -c -g -O2  conftest.c >&5
configure:18889: $? = 0
configure:18889: result: yes
configure:18889: checking stdio.h presence
configure:18889: gcc -E  conftest.c
configure:18889: $? = 0
configure:18889: result: yes
configure:18889: checking for stdio.h
configure:18889: result: yes
configure:18889: checking for unistd.h
configure:18889: result: yes
configure:18901: checking for an ANSI C-conforming const
configure:18967: gcc -c -g -O2  conftest.c >&5
configure:18967: $? = 0
configure:18974: result: yes
configure:18982: checking for size_t
configure:18982: gcc -c -g -O2  conftest.c >&5
configure:18982: $? = 0
configure:18982: gcc -c -g -O2  conftest.c >&5
conftest.c: In function 'main':
conftest.c:63:21: error: expected expression before ')' token
 if (sizeof ((size_t)))
                     ^
configure:18982: $? = 1
configure: failed program was:
| /* confdefs.h */
| #define PACKAGE_NAME "gdsl"
| #define PACKAGE_TARNAME "gdsl"
| #define PACKAGE_VERSION "1.4"
| #define PACKAGE_STRING "gdsl 1.4"
| #define PACKAGE_BUGREPORT "ndarnis@free.fr"
| #define PACKAGE_URL ""
| #define PACKAGE "gdsl"
| #define VERSION "1.4"
| #define STDC_HEADERS 1
| #define HAVE_SYS_TYPES_H 1
| #define HAVE_SYS_STAT_H 1
| #define HAVE_STDLIB_H 1
| #define HAVE_STRING_H 1
| #define HAVE_MEMORY_H 1
| #define HAVE_STRINGS_H 1
| #define HAVE_INTTYPES_H 1
| #define HAVE_STDINT_H 1
| #define HAVE_UNISTD_H 1
| #define HAVE_DLFCN_H 1
| #define STDC_HEADERS 1
| #define HAVE_SYS_TIME_H 1
| #define HAVE_STDLIB_H 1
| #define HAVE_STDIO_H 1
| #define HAVE_UNISTD_H 1
| /* end confdefs.h.  */
| #include <stdio.h>
| #ifdef HAVE_SYS_TYPES_H
| # include <sys/types.h>
| #endif
| #ifdef HAVE_SYS_STAT_H
| # include <sys/stat.h>
| #endif
| #ifdef STDC_HEADERS
| # include <stdlib.h>
| # include <stddef.h>
| #else
| # ifdef HAVE_STDLIB_H
| #  include <stdlib.h>
| # endif
| #endif
| #ifdef HAVE_STRING_H
| # if !defined STDC_HEADERS && defined HAVE_MEMORY_H
| #  include <memory.h>
| # endif
| # include <string.h>
| #endif
| #ifdef HAVE_STRINGS_H
| # include <strings.h>
| #endif
| #ifdef HAVE_INTTYPES_H
| # include <inttypes.h>
| #endif
| #ifdef HAVE_STDINT_H
| # include <stdint.h>
| #endif
| #ifdef HAVE_UNISTD_H
| # include <unistd.h>
| #endif
| int
| main ()
| {
| if (sizeof ((size_t)))
| 	    return 0;
|   ;
|   return 0;
| }
configure:18982: result: yes
configure:18993: checking whether time.h and sys/time.h may both be included
configure:19013: gcc -c -g -O2  conftest.c >&5
configure:19013: $? = 0
configure:19020: result: yes
configure:19030: checking for size_t
configure:19030: result: yes
configure:19041: checking for an ANSI C-conforming const
configure:19114: result: yes
configure:19122: checking for inline
configure:19138: gcc -c -g -O2  conftest.c >&5
configure:19138: $? = 0
configure:19146: result: inline
configure:19168: checking for working alloca.h
configure:19185: gcc -o conftest -g -O2   conftest.c  >&5
configure:19185: $? = 0
configure:19193: result: yes
configure:19201: checking for alloca
configure:19238: gcc -o conftest -g -O2   conftest.c  >&5
configure:19238: $? = 0
configure:19246: result: yes
configure:19355: checking for gettimeofday
configure:19355: gcc -o conftest -g -O2   conftest.c  >&5
configure:19355: $? = 0
configure:19355: result: yes
configure:19355: checking for strdup
configure:19355: gcc -o conftest -g -O2   conftest.c  >&5
conftest.c:54:6: warning: conflicting types for built-in function 'strdup'
 char strdup ();
      ^
configure:19355: $? = 0
configure:19355: result: yes
configure:19366: checking whether your compiler is gcc
configure:19372: result: yes... -Wall -Wstrict-prototypes added.
configure:19391: checking whether to enable debuging features
configure:19398: result: no
configure:19570: creating ./config.status

## ---------------- ##
## Cache variables. ##
## ---------------- ##

ac_cv_build=x86_64-unknown-linux-gnu
ac_cv_c_compiler_gnu=yes
ac_cv_c_const=yes
ac_cv_c_inline=inline
ac_cv_cxx_compiler_gnu=yes
ac_cv_env_CCC_set=
ac_cv_env_CCC_value=
ac_cv_env_CC_set=
ac_cv_env_CC_value=
ac_cv_env_CFLAGS_set=
ac_cv_env_CFLAGS_value=
ac_cv_env_CPPFLAGS_set=
ac_cv_env_CPPFLAGS_value=
ac_cv_env_CPP_set=
ac_cv_env_CPP_value=
ac_cv_env_CXXCPP_set=
ac_cv_env_CXXCPP_value=
ac_cv_env_CXXFLAGS_set=
ac_cv_env_CXXFLAGS_value=
ac_cv_env_CXX_set=
ac_cv_env_CXX_value=
ac_cv_env_F77_set=
ac_cv_env_F77_value=
ac_cv_env_FFLAGS_set=
ac_cv_env_FFLAGS_value=
ac_cv_env_LDFLAGS_set=
ac_cv_env_LDFLAGS_value=
ac_cv_env_LIBS_set=
ac_cv_env_LIBS_value=
ac_cv_env_build_alias_set=
ac_cv_env_build_alias_value=
ac_cv_env_host_alias_set=
ac_cv_env_host_alias_value=
ac_cv_env_target_alias_set=
ac_cv_env_target_alias_value=
ac_cv_f77_compiler_gnu=no
ac_cv_func_alloca_works=yes
ac_cv_func_gettimeofday=yes
ac_cv_func_strdup=yes
ac_cv_header_dlfcn_h=yes
ac_cv_header_inttypes_h=yes
ac_cv_header_memory_h=yes
ac_cv_header_stdc=yes
ac_cv_header_stdint_h=yes
ac_cv_header_stdio_h=yes
ac_cv_header_stdlib_h=yes
ac_cv_header_string_h=yes
ac_cv_header_strings_h=yes
ac_cv_header_sys_stat_h=yes
ac_cv_header_sys_time_h=yes
ac_cv_header_sys_types_h=yes
ac_cv_header_time=yes
ac_cv_header_unistd_h=yes
ac_cv_host=x86_64-unknown-linux-gnu
ac_cv_objext=o
ac_cv_path_EGREP='/bin/grep -E'
ac_cv_path_GREP=/bin/grep
ac_cv_path_install='/usr/bin/install -c'
ac_cv_prog_AWK=gawk
ac_cv_prog_CPP='gcc -E'
ac_cv_prog_CXXCPP='g++ -E'
ac_cv_prog_ac_ct_AR=ar
ac_cv_prog_ac_ct_CC=gcc
ac_cv_prog_ac_ct_CXX=g++
ac_cv_prog_ac_ct_RANLIB=ranlib
ac_cv_prog_ac_ct_STRIP=strip
ac_cv_prog_cc_c89=
ac_cv_prog_cc_g=yes
ac_cv_prog_cxx_g=yes
ac_cv_prog_f77_g=no
ac_cv_prog_make_make_set=yes
ac_cv_type_size_t=yes
ac_cv_working_alloca_h=yes
am_cv_CC_dependencies_compiler_type=gcc3
am_cv_CXX_dependencies_compiler_type=gcc3
lt_cv_deplibs_check_method=pass_all
lt_cv_file_magic_cmd='$MAGIC_CMD'
lt_cv_file_magic_test_file=
lt_cv_ld_reload_flag=-r
lt_cv_objdir=.libs
lt_cv_path_LD=/usr/bin/ld
lt_cv_path_LDCXX='/usr/bin/ld -m elf_x86_64'
lt_cv_path_NM='/usr/bin/nm -B'
lt_cv_path_SED=/bin/sed
lt_cv_prog_compiler_c_o=yes
lt_cv_prog_compiler_c_o_CXX=yes
lt_cv_prog_compiler_rtti_exceptions=no
lt_cv_prog_gnu_ld=yes
lt_cv_prog_gnu_ldcxx=yes
lt_cv_sys_global_symbol_pipe='sed -n -e '\''s/^.*[ 	]\([ABCDGIRSTW][ABCDGIRSTW]*\)[ 	][ 	]*\([_A-Za-z][_A-Za-z0-9]*\)$/\1 \2 \2/p'\'''
lt_cv_sys_global_symbol_to_c_name_address='sed -n -e '\''s/^: \([^ ]*\) $/  {\"\1\", (lt_ptr) 0},/p'\'' -e '\''s/^[BCDEGRST] \([^ ]*\) \([^ ]*\)$/  {"\2", (lt_ptr) \&\2},/p'\'''
lt_cv_sys_global_symbol_to_cdecl='sed -n -e '\''s/^. .* \(.*\)$/extern int \1;/p'\'''
lt_cv_sys_max_cmd_len=32768
lt_lt_cv_prog_compiler_c_o='"yes"'
lt_lt_cv_prog_compiler_c_o_CXX='"yes"'
lt_lt_cv_sys_global_symbol_pipe='"sed -n -e '\''s/^.*[ 	]\\([ABCDGIRSTW][ABCDGIRSTW]*\\)[ 	][ 	]*\\([_A-Za-z][_A-Za-z0-9]*\\)\$/\\1 \\2 \\2/p'\''"'
lt_lt_cv_sys_global_symbol_to_c_name_address='"sed -n -e '\''s/^: \\([^ ]*\\) \$/  {\\\"\\1\\\", (lt_ptr) 0},/p'\'' -e '\''s/^[BCDEGRST] \\([^ ]*\\) \\([^ ]*\\)\$/  {\"\\2\", (lt_ptr) \\&\\2},/p'\''"'
lt_lt_cv_sys_global_symbol_to_cdecl='"sed -n -e '\''s/^. .* \\(.*\\)\$/extern int \\1;/p'\''"'

## ----------------- ##
## Output variables. ##
## ----------------- ##

ACLOCAL='${SHELL} /home/plg/sat-ibacop-upload/ibacop2018/src/yahsp2-mt/src/gdsl/missing --run aclocal-1.8'
ALLOCA=''
AMDEPBACKSLASH='\'
AMDEP_FALSE='#'
AMDEP_TRUE=''
AMTAR='${SHELL} /home/plg/sat-ibacop-upload/ibacop2018/src/yahsp2-mt/src/gdsl/missing --run tar'
AR='ar'
AUTOCONF='${SHELL} /home/plg/sat-ibacop-upload/ibacop2018/src/yahsp2-mt/src/gdsl/missing --run autoconf'
AUTOHEADER='${SHELL} /home/plg/sat-ibacop-upload/ibacop2018/src/yahsp2-mt/src/gdsl/missing --run autoheader'
AUTOMAKE='${SHELL} /home/plg/sat-ibacop-upload/ibacop2018/src/yahsp2-mt/src/gdsl/missing --run automake-1.8'
AWK='gawk'
CC='gcc'
CCDEPMODE='depmode=gcc3'
CFLAGS='-Wall -Wstrict-prototypes -g -O2'
CPP='gcc -E'
CPPFLAGS='-D_REENTRANT -D_THREAD_SAFE -D_GNU_SOURCE -pedantic '
CXX='g++'
CXXCPP='g++ -E'
CXXDEPMODE='depmode=gcc3'
CXXFLAGS='-g -O2'
CYGPATH_W='echo'
DEFS='-DHAVE_CONFIG_H'
DEPDIR='.deps'
ECHO='echo'
ECHO_C=''
ECHO_N='-n'
ECHO_T=''
EGREP='/bin/grep -E'
EXEEXT=''
F77=''
FFLAGS=''
GDSL_CFLAGS='-I${prefix}/include/gdsl'
GDSL_LIBS='-L${exec_prefix}/lib -lgdsl'
GDSL_LT_VERSION='1:4:0'
GREP='/bin/grep'
INSTALL_DATA='${INSTALL} -m 644'
INSTALL_PROGRAM='${INSTALL}'
INSTALL_SCRIPT='${INSTALL}'
INSTALL_STRIP_PROGRAM='${SHELL} $(install_sh) -c -s'
LDFLAGS=''
LIBOBJS=''
LIBS=''
LIBTOOL='$(SHELL) $(top_builddir)/libtool'
LN_S='ln -s'
LTLIBOBJS=''
MAKEINFO='${SHELL} /home/plg/sat-ibacop-upload/ibacop2018/src/yahsp2-mt/src/gdsl/missing --run makeinfo'
OBJEXT='o'
PACKAGE='gdsl'
PACKAGE_BUGREPORT='ndarnis@free.fr'
PACKAGE_NAME='gdsl'
PACKAGE_STRING='gdsl 1.4'
PACKAGE_TARNAME='gdsl'
PACKAGE_URL=''
PACKAGE_VERSION='1.4'
PATH_SEPARATOR=':'
RANLIB='ranlib'
SET_MAKE=''
SHELL='/bin/sh'
STRIP='strip'
VERSION='1.4'
ac_ct_CC='gcc'
ac_ct_CXX='g++'
ac_ct_F77=''
am__fastdepCC_FALSE='#'
am__fastdepCC_TRUE=''
am__fastdepCXX_FALSE='#'
am__fastdepCXX_TRUE=''
am__include='include'
am__leading_dot='.'
am__quote=''
bindir='${exec_prefix}/bin'
build='x86_64-unknown-linux-gnu'
build_alias=''
build_cpu='x86_64'
build_os='linux-gnu'
build_vendor='unknown'
datadir='${datarootdir}'
datarootdir='${prefix}/share'
docdir='${datarootdir}/doc/${PACKAGE_TARNAME}'
dvidir='${docdir}'
exec_prefix='${prefix}'
host='x86_64-unknown-linux-gnu'
host_alias=''
host_cpu='x86_64'
host_os='linux-gnu'
host_vendor='unknown'
htmldir='${docdir}'
includedir='${prefix}/include'
infodir='${datarootdir}/info'
install_sh='/home/plg/sat-ibacop-upload/ibacop2018/src/yahsp2-mt/src/gdsl/install-sh'
libdir='${exec_prefix}/lib'
libexecdir='${exec_prefix}/libexec'
localedir='${datarootdir}/locale'
localstatedir='${prefix}/var'
mandir='${datarootdir}/man'
mkdir_p='mkdir -p -- .'
oldincludedir='/usr/include'
pdfdir='${docdir}'
prefix='/usr/local'
program_transform_name='s,x,x,'
psdir='${docdir}'
runstatedir='${localstatedir}/run'
sbindir='${exec_prefix}/sbin'
sharedstatedir='${prefix}/com'
sysconfdir='${prefix}/etc'
target_alias=''

## ----------- ##
## confdefs.h. ##
## ----------- ##

/* confdefs.h */
#define PACKAGE_NAME "gdsl"
#define PACKAGE_TARNAME "gdsl"
#define PACKAGE_VERSION "1.4"
#define PACKAGE_STRING "gdsl 1.4"
#define PACKAGE_BUGREPORT "ndarnis@free.fr"
#define PACKAGE_URL ""
#define PACKAGE "gdsl"
#define VERSION "1.4"
#define STDC_HEADERS 1
#define HAVE_SYS_TYPES_H 1
#define HAVE_SYS_STAT_H 1
#define HAVE_STDLIB_H 1
#define HAVE_STRING_H 1
#define HAVE_MEMORY_H 1
#define HAVE_STRINGS_H 1
#define HAVE_INTTYPES_H 1
#define HAVE_STDINT_H 1
#define HAVE_UNISTD_H 1
#define HAVE_DLFCN_H 1
#define STDC_HEADERS 1
#define HAVE_SYS_TIME_H 1
#define HAVE_STDLIB_H 1
#define HAVE_STDIO_H 1
#define HAVE_UNISTD_H 1
#define TIME_WITH_SYS_TIME 1
#define HAVE_ALLOCA_H 1
#define HAVE_ALLOCA 1
#define HAVE_GETTIMEOFDAY 1
#define HAVE_STRDUP 1
#define HAVE_LINUX 1

configure: exit 0

## ---------------------- ##
## Running config.status. ##
## ---------------------- ##

This file was extended by gdsl config.status 1.4, which was
generated by GNU Autoconf 2.69.  Invocation command line was

  CONFIG_FILES    = 
  CONFIG_HEADERS  = 
  CONFIG_LINKS    = 
  CONFIG_COMMANDS = 
  $ ./config.status 

on Skat

config.status:890: creating gdsl.spec
config.status:890: creating gdsl-config
config.status:890: creating src/Makefile
config.status:993: WARNING:  'src/Makefile.in' seems to ignore the --datarootdir setting
config.status:890: creating src/mainpage.h
config.status:890: creating src/examples/Makefile
config.status:993: WARNING:  'src/examples/Makefile.in' seems to ignore the --datarootdir setting
config.status:890: creating doc/Makefile
config.status:993: WARNING:  'doc/Makefile.in' seems to ignore the --datarootdir setting
config.status:890: creating doc/Doxyfile
config.status:890: creating doc/man3/Makefile
config.status:993: WARNING:  'doc/man3/Makefile.in' seems to ignore the --datarootdir setting
config.status:890: creating doc/html/Makefile
config.status:993: WARNING:  'doc/html/Makefile.in' seems to ignore the --datarootdir setting
config.status:890: creating doc/latex/Makefile
config.status:993: WARNING:  'doc/latex/Makefile.in' seems to ignore the --datarootdir setting
config.status:890: creating Makefile
config.status:993: WARNING:  'Makefile.in' seems to ignore the --datarootdir setting
config.status:890: creating config.h
config.status:1112: executing depfiles commands

## ---------------------- ##
## Running config.status. ##
## ---------------------- ##

This file was extended by gdsl config.status 1.4, which was
generated by GNU Autoconf 2.69.  Invocation command line was

  CONFIG_FILES    = 
  CONFIG_HEADERS  = 
  CONFIG_LINKS    = 
  CONFIG_COMMANDS = 
  $ ./config.status config.h

on Skat

config.status:: creating config.h
